[2024-02-27 11:27:05,219] 3 root - INFO - this is my testing
[2024-02-27 11:27:09,359] 25 root - INFO - data ingestion started
[2024-02-27 11:27:09,539] 28 root - INFO -  reading a df
[2024-02-27 11:27:10,541] 32 root - INFO -  i have saved the raw dataset in artifact folder
[2024-02-27 11:27:10,541] 34 root - INFO - here i have performed train test split
[2024-02-27 11:27:10,574] 37 root - INFO - train test split completed
[2024-02-27 11:27:11,577] 42 root - INFO - data ingestion part completed
[2024-02-27 11:27:11,806] 87 root - INFO - read train and test data complete
[2024-02-27 11:27:11,824] 88 root - INFO - Train Dataframe Head : 
       id  carat      cut color clarity  depth  table     x     y     z  price
0  113057   1.53  Premium     F     VS2   62.1   58.0  7.37  7.35  4.57  14787
1    5992   0.30    Ideal     G     VS1   62.3   53.0  4.32  4.36  2.70    603
2  177420   2.14  Premium     J     SI2   62.4   58.0  8.26  8.20  5.14  13052
3  164705   0.35    Ideal     F    VVS1   61.9   56.0  4.53  4.51  2.80    815
4  119427   0.31    Ideal     G     SI1   61.6   56.0  4.34  4.38  2.69    445
[2024-02-27 11:27:11,824] 89 root - INFO - Test Dataframe Head : 
       id  carat        cut color clarity  depth  table     x     y     z  price
0   96438   1.71      Ideal     G     VS2   62.2   57.0  7.69  7.60  4.76  15528
1  144372   0.42      Ideal     E    VVS2   61.8   56.0  4.84  4.81  2.98   1243
2   57371   0.43      Ideal     F    VVS2   61.1   57.0  4.88  4.90  2.98   1264
3  132366   0.54  Very Good     F    VVS2   63.4   56.0  5.17  5.23  3.30   2240
4   41293   2.01  Very Good     G     SI2   63.4   58.0  7.89  7.97  5.04  13307
[2024-02-27 11:27:11,824] 32 root - INFO - Data Transformation initiated
[2024-02-27 11:27:11,824] 43 root - INFO - Pipeline Initiated
[2024-02-27 11:27:12,197] 107 root - INFO - Applying preprocessing object on training and testing datasets.
[2024-02-27 11:27:12,197] 117 root - INFO - preprocessing pickle file saved
[2024-02-27 11:27:12,197] 26 root - INFO - Splitting Dependent and Independent variables from train and test data
[2024-02-27 11:27:13,448] 44 root - INFO - Model Report : {'LinearRegression': 0.9374546653708171, 'Lasso': 0.9374148526271369, 'Ridge': 0.937455866709948, 'Elasticnet': 0.8557798927802532}
[2024-02-27 11:27:13,449] 57 root - INFO - Best Model Found , Model Name : Ridge , R2 Score : 0.937455866709948
[2024-02-27 11:27:13,455] 15 root - INFO - evaluation started
[2024-02-27 11:27:13,464] 33 root - INFO - model has register
[2024-02-27 11:27:13,788] 21 root - INFO - evaluation metrics captured
